[2020-06-07 05:39:35] local.ERROR: could not find driver (SQL: select * from information_schema.tables where table_schema = forumdb and table_name = migrations and table_type = 'BASE TABLE') {"exception":"[object] (Illuminate\\Database\\QueryException(code: 0): could not find driver (SQL: select * from information_schema.tables where table_schema = forumdb and table_name = migrations and table_type = 'BASE TABLE') at /opt/lampp/htdocs/discussionforum/vendor/laravel/framework/src/Illuminate/Database/Connection.php:664, PDOException(code: 0): could not find driver at /opt/lampp/htdocs/discussionforum/vendor/laravel/framework/src/Illuminate/Database/Connectors/Connector.php:70)
[stacktrace]
#0 /opt/lampp/htdocs/discussionforum/vendor/laravel/framework/src/Illuminate/Database/Connection.php(624): Illuminate\\Database\\Connection->runQueryCallback()
#1 /opt/lampp/htdocs/discussionforum/vendor/laravel/framework/src/Illuminate/Database/Connection.php(333): Illuminate\\Database\\Connection->run()
#2 /opt/lampp/htdocs/discussionforum/vendor/laravel/framework/src/Illuminate/Database/Schema/MySqlBuilder.php(18): Illuminate\\Database\\Connection->select()
#3 /opt/lampp/htdocs/discussionforum/vendor/laravel/framework/src/Illuminate/Database/Migrations/DatabaseMigrationRepository.php(169): Illuminate\\Database\\Schema\\MySqlBuilder->hasTable()
#4 /opt/lampp/htdocs/discussionforum/vendor/laravel/framework/src/Illuminate/Database/Migrations/Migrator.php(585): Illuminate\\Database\\Migrations\\DatabaseMigrationRepository->repositoryExists()
#5 /opt/lampp/htdocs/discussionforum/vendor/laravel/framework/src/Illuminate/Database/Console/Migrations/MigrateCommand.php(91): Illuminate\\Database\\Migrations\\Migrator->repositoryExists()
#6 /opt/lampp/htdocs/discussionforum/vendor/laravel/framework/src/Illuminate/Database/Console/Migrations/MigrateCommand.php(63): Illuminate\\Database\\Console\\Migrations\\MigrateCommand->prepareDatabase()
#7 [internal function]: Illuminate\\Database\\Console\\Migrations\\MigrateCommand->handle()
#8 /opt/lampp/htdocs/discussionforum/vendor/laravel/framework/src/Illuminate/Container/BoundMethod.php(32): call_user_func_array()
#9 /opt/lampp/htdocs/discussionforum/vendor/laravel/framework/src/Illuminate/Container/BoundMethod.php(90): Illuminate\\Container\\BoundMethod::Illuminate\\Container\\{closure}()
#10 /opt/lampp/htdocs/discussionforum/vendor/laravel/framework/src/Illuminate/Container/BoundMethod.php(34): Illuminate\\Container\\BoundMethod::callBoundMethod()
#11 /opt/lampp/htdocs/discussionforum/vendor/laravel/framework/src/Illuminate/Container/Container.php(576): Illuminate\\Container\\BoundMethod::call()
#12 /opt/lampp/htdocs/discussionforum/vendor/laravel/framework/src/Illuminate/Console/Command.php(183): Illuminate\\Container\\Container->call()
#13 /opt/lampp/htdocs/discussionforum/vendor/symfony/console/Command/Command.php(255): Illuminate\\Console\\Command->execute()
#14 /opt/lampp/htdocs/discussionforum/vendor/laravel/framework/src/Illuminate/Console/Command.php(170): Symfony\\Component\\Console\\Command\\Command->run()
#15 /opt/lampp/htdocs/discussionforum/vendor/symfony/console/Application.php(915): Illuminate\\Console\\Command->run()
#16 /opt/lampp/htdocs/discussionforum/vendor/symfony/console/Application.php(272): Symfony\\Component\\Console\\Application->doRunCommand()
#17 /opt/lampp/htdocs/discussionforum/vendor/symfony/console/Application.php(148): Symfony\\Component\\Console\\Application->doRun()
#18 /opt/lampp/htdocs/discussionforum/vendor/laravel/framework/src/Illuminate/Console/Application.php(90): Symfony\\Component\\Console\\Application->run()
#19 /opt/lampp/htdocs/discussionforum/vendor/laravel/framework/src/Illuminate/Foundation/Console/Kernel.php(133): Illuminate\\Console\\Application->run()
#20 /opt/lampp/htdocs/discussionforum/artisan(37): Illuminate\\Foundation\\Console\\Kernel->handle()
#21 {main}
"} 
[2020-06-07 06:26:41] local.ERROR: could not find driver (SQL: select * from information_schema.tables where table_schema = forumdb and table_name = migrations and table_type = 'BASE TABLE') {"exception":"[object] (Illuminate\\Database\\QueryException(code: 0): could not find driver (SQL: select * from information_schema.tables where table_schema = forumdb and table_name = migrations and table_type = 'BASE TABLE') at /opt/lampp/htdocs/discussionforum/vendor/laravel/framework/src/Illuminate/Database/Connection.php:664, PDOException(code: 0): could not find driver at /opt/lampp/htdocs/discussionforum/vendor/laravel/framework/src/Illuminate/Database/Connectors/Connector.php:70)
[stacktrace]
#0 /opt/lampp/htdocs/discussionforum/vendor/laravel/framework/src/Illuminate/Database/Connection.php(624): Illuminate\\Database\\Connection->runQueryCallback()
#1 /opt/lampp/htdocs/discussionforum/vendor/laravel/framework/src/Illuminate/Database/Connection.php(333): Illuminate\\Database\\Connection->run()
#2 /opt/lampp/htdocs/discussionforum/vendor/laravel/framework/src/Illuminate/Database/Schema/MySqlBuilder.php(18): Illuminate\\Database\\Connection->select()
#3 /opt/lampp/htdocs/discussionforum/vendor/laravel/framework/src/Illuminate/Database/Migrations/DatabaseMigrationRepository.php(169): Illuminate\\Database\\Schema\\MySqlBuilder->hasTable()
#4 /opt/lampp/htdocs/discussionforum/vendor/laravel/framework/src/Illuminate/Database/Migrations/Migrator.php(585): Illuminate\\Database\\Migrations\\DatabaseMigrationRepository->repositoryExists()
#5 /opt/lampp/htdocs/discussionforum/vendor/laravel/framework/src/Illuminate/Database/Console/Migrations/MigrateCommand.php(91): Illuminate\\Database\\Migrations\\Migrator->repositoryExists()
#6 /opt/lampp/htdocs/discussionforum/vendor/laravel/framework/src/Illuminate/Database/Console/Migrations/MigrateCommand.php(63): Illuminate\\Database\\Console\\Migrations\\MigrateCommand->prepareDatabase()
#7 [internal function]: Illuminate\\Database\\Console\\Migrations\\MigrateCommand->handle()
#8 /opt/lampp/htdocs/discussionforum/vendor/laravel/framework/src/Illuminate/Container/BoundMethod.php(32): call_user_func_array()
#9 /opt/lampp/htdocs/discussionforum/vendor/laravel/framework/src/Illuminate/Container/BoundMethod.php(90): Illuminate\\Container\\BoundMethod::Illuminate\\Container\\{closure}()
#10 /opt/lampp/htdocs/discussionforum/vendor/laravel/framework/src/Illuminate/Container/BoundMethod.php(34): Illuminate\\Container\\BoundMethod::callBoundMethod()
#11 /opt/lampp/htdocs/discussionforum/vendor/laravel/framework/src/Illuminate/Container/Container.php(576): Illuminate\\Container\\BoundMethod::call()
#12 /opt/lampp/htdocs/discussionforum/vendor/laravel/framework/src/Illuminate/Console/Command.php(183): Illuminate\\Container\\Container->call()
#13 /opt/lampp/htdocs/discussionforum/vendor/symfony/console/Command/Command.php(255): Illuminate\\Console\\Command->execute()
#14 /opt/lampp/htdocs/discussionforum/vendor/laravel/framework/src/Illuminate/Console/Command.php(170): Symfony\\Component\\Console\\Command\\Command->run()
#15 /opt/lampp/htdocs/discussionforum/vendor/symfony/console/Application.php(915): Illuminate\\Console\\Command->run()
#16 /opt/lampp/htdocs/discussionforum/vendor/symfony/console/Application.php(272): Symfony\\Component\\Console\\Application->doRunCommand()
#17 /opt/lampp/htdocs/discussionforum/vendor/symfony/console/Application.php(148): Symfony\\Component\\Console\\Application->doRun()
#18 /opt/lampp/htdocs/discussionforum/vendor/laravel/framework/src/Illuminate/Console/Application.php(90): Symfony\\Component\\Console\\Application->run()
#19 /opt/lampp/htdocs/discussionforum/vendor/laravel/framework/src/Illuminate/Foundation/Console/Kernel.php(133): Illuminate\\Console\\Application->run()
#20 /opt/lampp/htdocs/discussionforum/artisan(37): Illuminate\\Foundation\\Console\\Kernel->handle()
#21 {main}
"} 
[2020-06-07 07:35:44] local.ERROR: Expected response code 250 but got code "530", with message "530-5.7.0 Authentication Required. Learn more at
530 5.7.0  https://support.google.com/mail/?p=WantAuthError h7sm3181081pgg.17 - gsmtp
" {"exception":"[object] (Swift_TransportException(code: 530): Expected response code 250 but got code \"530\", with message \"530-5.7.0 Authentication Required. Learn more at
530 5.7.0  https://support.google.com/mail/?p=WantAuthError h7sm3181081pgg.17 - gsmtp
\" at /opt/lampp/htdocs/discussionforum/vendor/swiftmailer/swiftmailer/lib/classes/Swift/Transport/AbstractSmtpTransport.php:457)
[stacktrace]
#0 /opt/lampp/htdocs/discussionforum/vendor/swiftmailer/swiftmailer/lib/classes/Swift/Transport/AbstractSmtpTransport.php(341): Swift_Transport_AbstractSmtpTransport->assertResponseCode()
#1 /opt/lampp/htdocs/discussionforum/vendor/swiftmailer/swiftmailer/lib/classes/Swift/Transport/EsmtpTransport.php(305): Swift_Transport_AbstractSmtpTransport->executeCommand()
#2 /opt/lampp/htdocs/discussionforum/vendor/swiftmailer/swiftmailer/lib/classes/Swift/Transport/AbstractSmtpTransport.php(390): Swift_Transport_EsmtpTransport->executeCommand()
#3 /opt/lampp/htdocs/discussionforum/vendor/swiftmailer/swiftmailer/lib/classes/Swift/Transport/AbstractSmtpTransport.php(497): Swift_Transport_AbstractSmtpTransport->doDataCommand()
#4 /opt/lampp/htdocs/discussionforum/vendor/swiftmailer/swiftmailer/lib/classes/Swift/Transport/AbstractSmtpTransport.php(516): Swift_Transport_AbstractSmtpTransport->doMailTransaction()
#5 /opt/lampp/htdocs/discussionforum/vendor/swiftmailer/swiftmailer/lib/classes/Swift/Transport/AbstractSmtpTransport.php(206): Swift_Transport_AbstractSmtpTransport->sendTo()
#6 /opt/lampp/htdocs/discussionforum/vendor/swiftmailer/swiftmailer/lib/classes/Swift/Mailer.php(71): Swift_Transport_AbstractSmtpTransport->send()
#7 /opt/lampp/htdocs/discussionforum/vendor/laravel/framework/src/Illuminate/Mail/Mailer.php(484): Swift_Mailer->send()
#8 /opt/lampp/htdocs/discussionforum/vendor/laravel/framework/src/Illuminate/Mail/Mailer.php(259): Illuminate\\Mail\\Mailer->sendSwiftMessage()
#9 /opt/lampp/htdocs/discussionforum/vendor/laravel/framework/src/Illuminate/Notifications/Channels/MailChannel.php(65): Illuminate\\Mail\\Mailer->send()
#10 /opt/lampp/htdocs/discussionforum/vendor/laravel/framework/src/Illuminate/Notifications/NotificationSender.php(144): Illuminate\\Notifications\\Channels\\MailChannel->send()
#11 /opt/lampp/htdocs/discussionforum/vendor/laravel/framework/src/Illuminate/Notifications/NotificationSender.php(103): Illuminate\\Notifications\\NotificationSender->sendToNotifiable()
#12 /opt/lampp/htdocs/discussionforum/vendor/laravel/framework/src/Illuminate/Support/Traits/Localizable.php(19): Illuminate\\Notifications\\NotificationSender->Illuminate\\Notifications\\{closure}()
#13 /opt/lampp/htdocs/discussionforum/vendor/laravel/framework/src/Illuminate/Notifications/NotificationSender.php(105): Illuminate\\Notifications\\NotificationSender->withLocale()
#14 /opt/lampp/htdocs/discussionforum/vendor/laravel/framework/src/Illuminate/Notifications/NotificationSender.php(77): Illuminate\\Notifications\\NotificationSender->sendNow()
#15 /opt/lampp/htdocs/discussionforum/vendor/laravel/framework/src/Illuminate/Notifications/ChannelManager.php(39): Illuminate\\Notifications\\NotificationSender->send()
#16 /opt/lampp/htdocs/discussionforum/vendor/laravel/framework/src/Illuminate/Notifications/RoutesNotifications.php(18): Illuminate\\Notifications\\ChannelManager->send()
#17 /opt/lampp/htdocs/discussionforum/vendor/laravel/framework/src/Illuminate/Auth/Passwords/CanResetPassword.php(27): App\\User->notify()
#18 /opt/lampp/htdocs/discussionforum/vendor/laravel/framework/src/Illuminate/Auth/Passwords/PasswordBroker.php(70): Illuminate\\Foundation\\Auth\\User->sendPasswordResetNotification()
#19 /opt/lampp/htdocs/discussionforum/vendor/laravel/framework/src/Illuminate/Foundation/Auth/SendsPasswordResetEmails.php(34): Illuminate\\Auth\\Passwords\\PasswordBroker->sendResetLink()
#20 [internal function]: App\\Http\\Controllers\\Auth\\ForgotPasswordController->sendResetLinkEmail()
#21 /opt/lampp/htdocs/discussionforum/vendor/laravel/framework/src/Illuminate/Routing/Controller.php(54): call_user_func_array()
#22 /opt/lampp/htdocs/discussionforum/vendor/laravel/framework/src/Illuminate/Routing/ControllerDispatcher.php(45): Illuminate\\Routing\\Controller->callAction()
#23 /opt/lampp/htdocs/discussionforum/vendor/laravel/framework/src/Illuminate/Routing/Route.php(219): Illuminate\\Routing\\ControllerDispatcher->dispatch()
#24 /opt/lampp/htdocs/discussionforum/vendor/laravel/framework/src/Illuminate/Routing/Route.php(176): Illuminate\\Routing\\Route->runController()
#25 /opt/lampp/htdocs/discussionforum/vendor/laravel/framework/src/Illuminate/Routing/Router.php(680): Illuminate\\Routing\\Route->run()
#26 /opt/lampp/htdocs/discussionforum/vendor/laravel/framework/src/Illuminate/Routing/Pipeline.php(30): Illuminate\\Routing\\Router->Illuminate\\Routing\\{closure}()
#27 /opt/lampp/htdocs/discussionforum/app/Http/Middleware/RedirectIfAuthenticated.php(24): Illuminate\\Routing\\Pipeline->Illuminate\\Routing\\{closure}()
#28 /opt/lampp/htdocs/discussionforum/vendor/laravel/framework/src/Illuminate/Pipeline/Pipeline.php(163): App\\Http\\Middleware\\RedirectIfAuthenticated->handle()
#29 /opt/lampp/htdocs/discussionforum/vendor/laravel/framework/src/Illuminate/Routing/Pipeline.php(53): Illuminate\\Pipeline\\Pipeline->Illuminate\\Pipeline\\{closure}()
#30 /opt/lampp/htdocs/discussionforum/vendor/laravel/framework/src/Illuminate/Routing/Middleware/SubstituteBindings.php(41): Illuminate\\Routing\\Pipeline->Illuminate\\Routing\\{closure}()
#31 /opt/lampp/htdocs/discussionforum/vendor/laravel/framework/src/Illuminate/Pipeline/Pipeline.php(163): Illuminate\\Routing\\Middleware\\SubstituteBindings->handle()
#32 /opt/lampp/htdocs/discussionforum/vendor/laravel/framework/src/Illuminate/Routing/Pipeline.php(53): Illuminate\\Pipeline\\Pipeline->Illuminate\\Pipeline\\{closure}()
#33 /opt/lampp/htdocs/discussionforum/vendor/laravel/framework/src/Illuminate/Foundation/Http/Middleware/VerifyCsrfToken.php(75): Illuminate\\Routing\\Pipeline->Illuminate\\Routing\\{closure}()
#34 /opt/lampp/htdocs/discussionforum/vendor/laravel/framework/src/Illuminate/Pipeline/Pipeline.php(163): Illuminate\\Foundation\\Http\\Middleware\\VerifyCsrfToken->handle()
#35 /opt/lampp/htdocs/discussionforum/vendor/laravel/framework/src/Illuminate/Routing/Pipeline.php(53): Illuminate\\Pipeline\\Pipeline->Illuminate\\Pipeline\\{closure}()
#36 /opt/lampp/htdocs/discussionforum/vendor/laravel/framework/src/Illuminate/View/Middleware/ShareErrorsFromSession.php(49): Illuminate\\Routing\\Pipeline->Illuminate\\Routing\\{closure}()
#37 /opt/lampp/htdocs/discussionforum/vendor/laravel/framework/src/Illuminate/Pipeline/Pipeline.php(163): Illuminate\\View\\Middleware\\ShareErrorsFromSession->handle()
#38 /opt/lampp/htdocs/discussionforum/vendor/laravel/framework/src/Illuminate/Routing/Pipeline.php(53): Illuminate\\Pipeline\\Pipeline->Illuminate\\Pipeline\\{closure}()
#39 /opt/lampp/htdocs/discussionforum/vendor/laravel/framework/src/Illuminate/Session/Middleware/StartSession.php(56): Illuminate\\Routing\\Pipeline->Illuminate\\Routing\\{closure}()
#40 /opt/lampp/htdocs/discussionforum/vendor/laravel/framework/src/Illuminate/Pipeline/Pipeline.php(163): Illuminate\\Session\\Middleware\\StartSession->handle()
#41 /opt/lampp/htdocs/discussionforum/vendor/laravel/framework/src/Illuminate/Routing/Pipeline.php(53): Illuminate\\Pipeline\\Pipeline->Illuminate\\Pipeline\\{closure}()
#42 /opt/lampp/htdocs/discussionforum/vendor/laravel/framework/src/Illuminate/Cookie/Middleware/AddQueuedCookiesToResponse.php(37): Illuminate\\Routing\\Pipeline->Illuminate\\Routing\\{closure}()
#43 /opt/lampp/htdocs/discussionforum/vendor/laravel/framework/src/Illuminate/Pipeline/Pipeline.php(163): Illuminate\\Cookie\\Middleware\\AddQueuedCookiesToResponse->handle()
#44 /opt/lampp/htdocs/discussionforum/vendor/laravel/framework/src/Illuminate/Routing/Pipeline.php(53): Illuminate\\Pipeline\\Pipeline->Illuminate\\Pipeline\\{closure}()
#45 /opt/lampp/htdocs/discussionforum/vendor/laravel/framework/src/Illuminate/Cookie/Middleware/EncryptCookies.php(66): Illuminate\\Routing\\Pipeline->Illuminate\\Routing\\{closure}()
#46 /opt/lampp/htdocs/discussionforum/vendor/laravel/framework/src/Illuminate/Pipeline/Pipeline.php(163): Illuminate\\Cookie\\Middleware\\EncryptCookies->handle()
#47 /opt/lampp/htdocs/discussionforum/vendor/laravel/framework/src/Illuminate/Routing/Pipeline.php(53): Illuminate\\Pipeline\\Pipeline->Illuminate\\Pipeline\\{closure}()
#48 /opt/lampp/htdocs/discussionforum/vendor/laravel/framework/src/Illuminate/Pipeline/Pipeline.php(104): Illuminate\\Routing\\Pipeline->Illuminate\\Routing\\{closure}()
#49 /opt/lampp/htdocs/discussionforum/vendor/laravel/framework/src/Illuminate/Routing/Router.php(682): Illuminate\\Pipeline\\Pipeline->then()
#50 /opt/lampp/htdocs/discussionforum/vendor/laravel/framework/src/Illuminate/Routing/Router.php(657): Illuminate\\Routing\\Router->runRouteWithinStack()
#51 /opt/lampp/htdocs/discussionforum/vendor/laravel/framework/src/Illuminate/Routing/Router.php(623): Illuminate\\Routing\\Router->runRoute()
#52 /opt/lampp/htdocs/discussionforum/vendor/laravel/framework/src/Illuminate/Routing/Router.php(612): Illuminate\\Routing\\Router->dispatchToRoute()
#53 /opt/lampp/htdocs/discussionforum/vendor/laravel/framework/src/Illuminate/Foundation/Http/Kernel.php(176): Illuminate\\Routing\\Router->dispatch()
#54 /opt/lampp/htdocs/discussionforum/vendor/laravel/framework/src/Illuminate/Routing/Pipeline.php(30): Illuminate\\Foundation\\Http\\Kernel->Illuminate\\Foundation\\Http\\{closure}()
#55 /opt/lampp/htdocs/discussionforum/vendor/fideloper/proxy/src/TrustProxies.php(57): Illuminate\\Routing\\Pipeline->Illuminate\\Routing\\{closure}()
#56 /opt/lampp/htdocs/discussionforum/vendor/laravel/framework/src/Illuminate/Pipeline/Pipeline.php(163): Fideloper\\Proxy\\TrustProxies->handle()
#57 /opt/lampp/htdocs/discussionforum/vendor/laravel/framework/src/Illuminate/Routing/Pipeline.php(53): Illuminate\\Pipeline\\Pipeline->Illuminate\\Pipeline\\{closure}()
#58 /opt/lampp/htdocs/discussionforum/vendor/laravel/framework/src/Illuminate/Foundation/Http/Middleware/TransformsRequest.php(21): Illuminate\\Routing\\Pipeline->Illuminate\\Routing\\{closure}()
#59 /opt/lampp/htdocs/discussionforum/vendor/laravel/framework/src/Illuminate/Pipeline/Pipeline.php(163): Illuminate\\Foundation\\Http\\Middleware\\TransformsRequest->handle()
#60 /opt/lampp/htdocs/discussionforum/vendor/laravel/framework/src/Illuminate/Routing/Pipeline.php(53): Illuminate\\Pipeline\\Pipeline->Illuminate\\Pipeline\\{closure}()
#61 /opt/lampp/htdocs/discussionforum/vendor/laravel/framework/src/Illuminate/Foundation/Http/Middleware/TransformsRequest.php(21): Illuminate\\Routing\\Pipeline->Illuminate\\Routing\\{closure}()
#62 /opt/lampp/htdocs/discussionforum/vendor/laravel/framework/src/Illuminate/Pipeline/Pipeline.php(163): Illuminate\\Foundation\\Http\\Middleware\\TransformsRequest->handle()
#63 /opt/lampp/htdocs/discussionforum/vendor/laravel/framework/src/Illuminate/Routing/Pipeline.php(53): Illuminate\\Pipeline\\Pipeline->Illuminate\\Pipeline\\{closure}()
#64 /opt/lampp/htdocs/discussionforum/vendor/laravel/framework/src/Illuminate/Foundation/Http/Middleware/ValidatePostSize.php(27): Illuminate\\Routing\\Pipeline->Illuminate\\Routing\\{closure}()
#65 /opt/lampp/htdocs/discussionforum/vendor/laravel/framework/src/Illuminate/Pipeline/Pipeline.php(163): Illuminate\\Foundation\\Http\\Middleware\\ValidatePostSize->handle()
#66 /opt/lampp/htdocs/discussionforum/vendor/laravel/framework/src/Illuminate/Routing/Pipeline.php(53): Illuminate\\Pipeline\\Pipeline->Illuminate\\Pipeline\\{closure}()
#67 /opt/lampp/htdocs/discussionforum/vendor/laravel/framework/src/Illuminate/Foundation/Http/Middleware/CheckForMaintenanceMode.php(62): Illuminate\\Routing\\Pipeline->Illuminate\\Routing\\{closure}()
#68 /opt/lampp/htdocs/discussionforum/vendor/laravel/framework/src/Illuminate/Pipeline/Pipeline.php(163): Illuminate\\Foundation\\Http\\Middleware\\CheckForMaintenanceMode->handle()
#69 /opt/lampp/htdocs/discussionforum/vendor/laravel/framework/src/Illuminate/Routing/Pipeline.php(53): Illuminate\\Pipeline\\Pipeline->Illuminate\\Pipeline\\{closure}()
#70 /opt/lampp/htdocs/discussionforum/vendor/laravel/framework/src/Illuminate/Pipeline/Pipeline.php(104): Illuminate\\Routing\\Pipeline->Illuminate\\Routing\\{closure}()
#71 /opt/lampp/htdocs/discussionforum/vendor/laravel/framework/src/Illuminate/Foundation/Http/Kernel.php(151): Illuminate\\Pipeline\\Pipeline->then()
#72 /opt/lampp/htdocs/discussionforum/vendor/laravel/framework/src/Illuminate/Foundation/Http/Kernel.php(116): Illuminate\\Foundation\\Http\\Kernel->sendRequestThroughRouter()
#73 /opt/lampp/htdocs/discussionforum/public/index.php(55): Illuminate\\Foundation\\Http\\Kernel->handle()
#74 /opt/lampp/htdocs/discussionforum/server.php(21): require_once('/opt/lampp/htdo...')
#75 {main}
"} 
[2020-06-07 07:36:32] local.ERROR: Expected response code 250 but got code "530", with message "530-5.7.0 Authentication Required. Learn more at
530 5.7.0  https://support.google.com/mail/?p=WantAuthError b14sm3800700pft.23 - gsmtp
" {"exception":"[object] (Swift_TransportException(code: 530): Expected response code 250 but got code \"530\", with message \"530-5.7.0 Authentication Required. Learn more at
530 5.7.0  https://support.google.com/mail/?p=WantAuthError b14sm3800700pft.23 - gsmtp
\" at /opt/lampp/htdocs/discussionforum/vendor/swiftmailer/swiftmailer/lib/classes/Swift/Transport/AbstractSmtpTransport.php:457)
[stacktrace]
#0 /opt/lampp/htdocs/discussionforum/vendor/swiftmailer/swiftmailer/lib/classes/Swift/Transport/AbstractSmtpTransport.php(341): Swift_Transport_AbstractSmtpTransport->assertResponseCode()
#1 /opt/lampp/htdocs/discussionforum/vendor/swiftmailer/swiftmailer/lib/classes/Swift/Transport/EsmtpTransport.php(305): Swift_Transport_AbstractSmtpTransport->executeCommand()
#2 /opt/lampp/htdocs/discussionforum/vendor/swiftmailer/swiftmailer/lib/classes/Swift/Transport/AbstractSmtpTransport.php(390): Swift_Transport_EsmtpTransport->executeCommand()
#3 /opt/lampp/htdocs/discussionforum/vendor/swiftmailer/swiftmailer/lib/classes/Swift/Transport/AbstractSmtpTransport.php(497): Swift_Transport_AbstractSmtpTransport->doDataCommand()
#4 /opt/lampp/htdocs/discussionforum/vendor/swiftmailer/swiftmailer/lib/classes/Swift/Transport/AbstractSmtpTransport.php(516): Swift_Transport_AbstractSmtpTransport->doMailTransaction()
#5 /opt/lampp/htdocs/discussionforum/vendor/swiftmailer/swiftmailer/lib/classes/Swift/Transport/AbstractSmtpTransport.php(206): Swift_Transport_AbstractSmtpTransport->sendTo()
#6 /opt/lampp/htdocs/discussionforum/vendor/swiftmailer/swiftmailer/lib/classes/Swift/Mailer.php(71): Swift_Transport_AbstractSmtpTransport->send()
#7 /opt/lampp/htdocs/discussionforum/vendor/laravel/framework/src/Illuminate/Mail/Mailer.php(484): Swift_Mailer->send()
#8 /opt/lampp/htdocs/discussionforum/vendor/laravel/framework/src/Illuminate/Mail/Mailer.php(259): Illuminate\\Mail\\Mailer->sendSwiftMessage()
#9 /opt/lampp/htdocs/discussionforum/vendor/laravel/framework/src/Illuminate/Notifications/Channels/MailChannel.php(65): Illuminate\\Mail\\Mailer->send()
#10 /opt/lampp/htdocs/discussionforum/vendor/laravel/framework/src/Illuminate/Notifications/NotificationSender.php(144): Illuminate\\Notifications\\Channels\\MailChannel->send()
#11 /opt/lampp/htdocs/discussionforum/vendor/laravel/framework/src/Illuminate/Notifications/NotificationSender.php(103): Illuminate\\Notifications\\NotificationSender->sendToNotifiable()
#12 /opt/lampp/htdocs/discussionforum/vendor/laravel/framework/src/Illuminate/Support/Traits/Localizable.php(19): Illuminate\\Notifications\\NotificationSender->Illuminate\\Notifications\\{closure}()
#13 /opt/lampp/htdocs/discussionforum/vendor/laravel/framework/src/Illuminate/Notifications/NotificationSender.php(105): Illuminate\\Notifications\\NotificationSender->withLocale()
#14 /opt/lampp/htdocs/discussionforum/vendor/laravel/framework/src/Illuminate/Notifications/NotificationSender.php(77): Illuminate\\Notifications\\NotificationSender->sendNow()
#15 /opt/lampp/htdocs/discussionforum/vendor/laravel/framework/src/Illuminate/Notifications/ChannelManager.php(39): Illuminate\\Notifications\\NotificationSender->send()
#16 /opt/lampp/htdocs/discussionforum/vendor/laravel/framework/src/Illuminate/Notifications/RoutesNotifications.php(18): Illuminate\\Notifications\\ChannelManager->send()
#17 /opt/lampp/htdocs/discussionforum/vendor/laravel/framework/src/Illuminate/Auth/Passwords/CanResetPassword.php(27): App\\User->notify()
#18 /opt/lampp/htdocs/discussionforum/vendor/laravel/framework/src/Illuminate/Auth/Passwords/PasswordBroker.php(70): Illuminate\\Foundation\\Auth\\User->sendPasswordResetNotification()
#19 /opt/lampp/htdocs/discussionforum/vendor/laravel/framework/src/Illuminate/Foundation/Auth/SendsPasswordResetEmails.php(34): Illuminate\\Auth\\Passwords\\PasswordBroker->sendResetLink()
#20 [internal function]: App\\Http\\Controllers\\Auth\\ForgotPasswordController->sendResetLinkEmail()
#21 /opt/lampp/htdocs/discussionforum/vendor/laravel/framework/src/Illuminate/Routing/Controller.php(54): call_user_func_array()
#22 /opt/lampp/htdocs/discussionforum/vendor/laravel/framework/src/Illuminate/Routing/ControllerDispatcher.php(45): Illuminate\\Routing\\Controller->callAction()
#23 /opt/lampp/htdocs/discussionforum/vendor/laravel/framework/src/Illuminate/Routing/Route.php(219): Illuminate\\Routing\\ControllerDispatcher->dispatch()
#24 /opt/lampp/htdocs/discussionforum/vendor/laravel/framework/src/Illuminate/Routing/Route.php(176): Illuminate\\Routing\\Route->runController()
#25 /opt/lampp/htdocs/discussionforum/vendor/laravel/framework/src/Illuminate/Routing/Router.php(680): Illuminate\\Routing\\Route->run()
#26 /opt/lampp/htdocs/discussionforum/vendor/laravel/framework/src/Illuminate/Routing/Pipeline.php(30): Illuminate\\Routing\\Router->Illuminate\\Routing\\{closure}()
#27 /opt/lampp/htdocs/discussionforum/app/Http/Middleware/RedirectIfAuthenticated.php(24): Illuminate\\Routing\\Pipeline->Illuminate\\Routing\\{closure}()
#28 /opt/lampp/htdocs/discussionforum/vendor/laravel/framework/src/Illuminate/Pipeline/Pipeline.php(163): App\\Http\\Middleware\\RedirectIfAuthenticated->handle()
#29 /opt/lampp/htdocs/discussionforum/vendor/laravel/framework/src/Illuminate/Routing/Pipeline.php(53): Illuminate\\Pipeline\\Pipeline->Illuminate\\Pipeline\\{closure}()
#30 /opt/lampp/htdocs/discussionforum/vendor/laravel/framework/src/Illuminate/Routing/Middleware/SubstituteBindings.php(41): Illuminate\\Routing\\Pipeline->Illuminate\\Routing\\{closure}()
#31 /opt/lampp/htdocs/discussionforum/vendor/laravel/framework/src/Illuminate/Pipeline/Pipeline.php(163): Illuminate\\Routing\\Middleware\\SubstituteBindings->handle()
#32 /opt/lampp/htdocs/discussionforum/vendor/laravel/framework/src/Illuminate/Routing/Pipeline.php(53): Illuminate\\Pipeline\\Pipeline->Illuminate\\Pipeline\\{closure}()
#33 /opt/lampp/htdocs/discussionforum/vendor/laravel/framework/src/Illuminate/Foundation/Http/Middleware/VerifyCsrfToken.php(75): Illuminate\\Routing\\Pipeline->Illuminate\\Routing\\{closure}()
#34 /opt/lampp/htdocs/discussionforum/vendor/laravel/framework/src/Illuminate/Pipeline/Pipeline.php(163): Illuminate\\Foundation\\Http\\Middleware\\VerifyCsrfToken->handle()
#35 /opt/lampp/htdocs/discussionforum/vendor/laravel/framework/src/Illuminate/Routing/Pipeline.php(53): Illuminate\\Pipeline\\Pipeline->Illuminate\\Pipeline\\{closure}()
#36 /opt/lampp/htdocs/discussionforum/vendor/laravel/framework/src/Illuminate/View/Middleware/ShareErrorsFromSession.php(49): Illuminate\\Routing\\Pipeline->Illuminate\\Routing\\{closure}()
#37 /opt/lampp/htdocs/discussionforum/vendor/laravel/framework/src/Illuminate/Pipeline/Pipeline.php(163): Illuminate\\View\\Middleware\\ShareErrorsFromSession->handle()
#38 /opt/lampp/htdocs/discussionforum/vendor/laravel/framework/src/Illuminate/Routing/Pipeline.php(53): Illuminate\\Pipeline\\Pipeline->Illuminate\\Pipeline\\{closure}()
#39 /opt/lampp/htdocs/discussionforum/vendor/laravel/framework/src/Illuminate/Session/Middleware/StartSession.php(56): Illuminate\\Routing\\Pipeline->Illuminate\\Routing\\{closure}()
#40 /opt/lampp/htdocs/discussionforum/vendor/laravel/framework/src/Illuminate/Pipeline/Pipeline.php(163): Illuminate\\Session\\Middleware\\StartSession->handle()
#41 /opt/lampp/htdocs/discussionforum/vendor/laravel/framework/src/Illuminate/Routing/Pipeline.php(53): Illuminate\\Pipeline\\Pipeline->Illuminate\\Pipeline\\{closure}()
#42 /opt/lampp/htdocs/discussionforum/vendor/laravel/framework/src/Illuminate/Cookie/Middleware/AddQueuedCookiesToResponse.php(37): Illuminate\\Routing\\Pipeline->Illuminate\\Routing\\{closure}()
#43 /opt/lampp/htdocs/discussionforum/vendor/laravel/framework/src/Illuminate/Pipeline/Pipeline.php(163): Illuminate\\Cookie\\Middleware\\AddQueuedCookiesToResponse->handle()
#44 /opt/lampp/htdocs/discussionforum/vendor/laravel/framework/src/Illuminate/Routing/Pipeline.php(53): Illuminate\\Pipeline\\Pipeline->Illuminate\\Pipeline\\{closure}()
#45 /opt/lampp/htdocs/discussionforum/vendor/laravel/framework/src/Illuminate/Cookie/Middleware/EncryptCookies.php(66): Illuminate\\Routing\\Pipeline->Illuminate\\Routing\\{closure}()
#46 /opt/lampp/htdocs/discussionforum/vendor/laravel/framework/src/Illuminate/Pipeline/Pipeline.php(163): Illuminate\\Cookie\\Middleware\\EncryptCookies->handle()
#47 /opt/lampp/htdocs/discussionforum/vendor/laravel/framework/src/Illuminate/Routing/Pipeline.php(53): Illuminate\\Pipeline\\Pipeline->Illuminate\\Pipeline\\{closure}()
#48 /opt/lampp/htdocs/discussionforum/vendor/laravel/framework/src/Illuminate/Pipeline/Pipeline.php(104): Illuminate\\Routing\\Pipeline->Illuminate\\Routing\\{closure}()
#49 /opt/lampp/htdocs/discussionforum/vendor/laravel/framework/src/Illuminate/Routing/Router.php(682): Illuminate\\Pipeline\\Pipeline->then()
#50 /opt/lampp/htdocs/discussionforum/vendor/laravel/framework/src/Illuminate/Routing/Router.php(657): Illuminate\\Routing\\Router->runRouteWithinStack()
#51 /opt/lampp/htdocs/discussionforum/vendor/laravel/framework/src/Illuminate/Routing/Router.php(623): Illuminate\\Routing\\Router->runRoute()
#52 /opt/lampp/htdocs/discussionforum/vendor/laravel/framework/src/Illuminate/Routing/Router.php(612): Illuminate\\Routing\\Router->dispatchToRoute()
#53 /opt/lampp/htdocs/discussionforum/vendor/laravel/framework/src/Illuminate/Foundation/Http/Kernel.php(176): Illuminate\\Routing\\Router->dispatch()
#54 /opt/lampp/htdocs/discussionforum/vendor/laravel/framework/src/Illuminate/Routing/Pipeline.php(30): Illuminate\\Foundation\\Http\\Kernel->Illuminate\\Foundation\\Http\\{closure}()
#55 /opt/lampp/htdocs/discussionforum/vendor/fideloper/proxy/src/TrustProxies.php(57): Illuminate\\Routing\\Pipeline->Illuminate\\Routing\\{closure}()
#56 /opt/lampp/htdocs/discussionforum/vendor/laravel/framework/src/Illuminate/Pipeline/Pipeline.php(163): Fideloper\\Proxy\\TrustProxies->handle()
#57 /opt/lampp/htdocs/discussionforum/vendor/laravel/framework/src/Illuminate/Routing/Pipeline.php(53): Illuminate\\Pipeline\\Pipeline->Illuminate\\Pipeline\\{closure}()
#58 /opt/lampp/htdocs/discussionforum/vendor/laravel/framework/src/Illuminate/Foundation/Http/Middleware/TransformsRequest.php(21): Illuminate\\Routing\\Pipeline->Illuminate\\Routing\\{closure}()
#59 /opt/lampp/htdocs/discussionforum/vendor/laravel/framework/src/Illuminate/Pipeline/Pipeline.php(163): Illuminate\\Foundation\\Http\\Middleware\\TransformsRequest->handle()
#60 /opt/lampp/htdocs/discussionforum/vendor/laravel/framework/src/Illuminate/Routing/Pipeline.php(53): Illuminate\\Pipeline\\Pipeline->Illuminate\\Pipeline\\{closure}()
#61 /opt/lampp/htdocs/discussionforum/vendor/laravel/framework/src/Illuminate/Foundation/Http/Middleware/TransformsRequest.php(21): Illuminate\\Routing\\Pipeline->Illuminate\\Routing\\{closure}()
#62 /opt/lampp/htdocs/discussionforum/vendor/laravel/framework/src/Illuminate/Pipeline/Pipeline.php(163): Illuminate\\Foundation\\Http\\Middleware\\TransformsRequest->handle()
#63 /opt/lampp/htdocs/discussionforum/vendor/laravel/framework/src/Illuminate/Routing/Pipeline.php(53): Illuminate\\Pipeline\\Pipeline->Illuminate\\Pipeline\\{closure}()
#64 /opt/lampp/htdocs/discussionforum/vendor/laravel/framework/src/Illuminate/Foundation/Http/Middleware/ValidatePostSize.php(27): Illuminate\\Routing\\Pipeline->Illuminate\\Routing\\{closure}()
#65 /opt/lampp/htdocs/discussionforum/vendor/laravel/framework/src/Illuminate/Pipeline/Pipeline.php(163): Illuminate\\Foundation\\Http\\Middleware\\ValidatePostSize->handle()
#66 /opt/lampp/htdocs/discussionforum/vendor/laravel/framework/src/Illuminate/Routing/Pipeline.php(53): Illuminate\\Pipeline\\Pipeline->Illuminate\\Pipeline\\{closure}()
#67 /opt/lampp/htdocs/discussionforum/vendor/laravel/framework/src/Illuminate/Foundation/Http/Middleware/CheckForMaintenanceMode.php(62): Illuminate\\Routing\\Pipeline->Illuminate\\Routing\\{closure}()
#68 /opt/lampp/htdocs/discussionforum/vendor/laravel/framework/src/Illuminate/Pipeline/Pipeline.php(163): Illuminate\\Foundation\\Http\\Middleware\\CheckForMaintenanceMode->handle()
#69 /opt/lampp/htdocs/discussionforum/vendor/laravel/framework/src/Illuminate/Routing/Pipeline.php(53): Illuminate\\Pipeline\\Pipeline->Illuminate\\Pipeline\\{closure}()
#70 /opt/lampp/htdocs/discussionforum/vendor/laravel/framework/src/Illuminate/Pipeline/Pipeline.php(104): Illuminate\\Routing\\Pipeline->Illuminate\\Routing\\{closure}()
#71 /opt/lampp/htdocs/discussionforum/vendor/laravel/framework/src/Illuminate/Foundation/Http/Kernel.php(151): Illuminate\\Pipeline\\Pipeline->then()
#72 /opt/lampp/htdocs/discussionforum/vendor/laravel/framework/src/Illuminate/Foundation/Http/Kernel.php(116): Illuminate\\Foundation\\Http\\Kernel->sendRequestThroughRouter()
#73 /opt/lampp/htdocs/discussionforum/public/index.php(55): Illuminate\\Foundation\\Http\\Kernel->handle()
#74 /opt/lampp/htdocs/discussionforum/server.php(21): require_once('/opt/lampp/htdo...')
#75 {main}
"} 
[2020-06-07 07:36:57] local.ERROR: Expected response code 250 but got code "530", with message "530-5.7.0 Authentication Required. Learn more at
530 5.7.0  https://support.google.com/mail/?p=WantAuthError i3sm11934449pjv.1 - gsmtp
" {"exception":"[object] (Swift_TransportException(code: 530): Expected response code 250 but got code \"530\", with message \"530-5.7.0 Authentication Required. Learn more at
530 5.7.0  https://support.google.com/mail/?p=WantAuthError i3sm11934449pjv.1 - gsmtp
\" at /opt/lampp/htdocs/discussionforum/vendor/swiftmailer/swiftmailer/lib/classes/Swift/Transport/AbstractSmtpTransport.php:457)
[stacktrace]
#0 /opt/lampp/htdocs/discussionforum/vendor/swiftmailer/swiftmailer/lib/classes/Swift/Transport/AbstractSmtpTransport.php(341): Swift_Transport_AbstractSmtpTransport->assertResponseCode()
#1 /opt/lampp/htdocs/discussionforum/vendor/swiftmailer/swiftmailer/lib/classes/Swift/Transport/EsmtpTransport.php(305): Swift_Transport_AbstractSmtpTransport->executeCommand()
#2 /opt/lampp/htdocs/discussionforum/vendor/swiftmailer/swiftmailer/lib/classes/Swift/Transport/AbstractSmtpTransport.php(390): Swift_Transport_EsmtpTransport->executeCommand()
#3 /opt/lampp/htdocs/discussionforum/vendor/swiftmailer/swiftmailer/lib/classes/Swift/Transport/AbstractSmtpTransport.php(497): Swift_Transport_AbstractSmtpTransport->doDataCommand()
#4 /opt/lampp/htdocs/discussionforum/vendor/swiftmailer/swiftmailer/lib/classes/Swift/Transport/AbstractSmtpTransport.php(516): Swift_Transport_AbstractSmtpTransport->doMailTransaction()
#5 /opt/lampp/htdocs/discussionforum/vendor/swiftmailer/swiftmailer/lib/classes/Swift/Transport/AbstractSmtpTransport.php(206): Swift_Transport_AbstractSmtpTransport->sendTo()
#6 /opt/lampp/htdocs/discussionforum/vendor/swiftmailer/swiftmailer/lib/classes/Swift/Mailer.php(71): Swift_Transport_AbstractSmtpTransport->send()
#7 /opt/lampp/htdocs/discussionforum/vendor/laravel/framework/src/Illuminate/Mail/Mailer.php(484): Swift_Mailer->send()
#8 /opt/lampp/htdocs/discussionforum/vendor/laravel/framework/src/Illuminate/Mail/Mailer.php(259): Illuminate\\Mail\\Mailer->sendSwiftMessage()
#9 /opt/lampp/htdocs/discussionforum/vendor/laravel/framework/src/Illuminate/Notifications/Channels/MailChannel.php(65): Illuminate\\Mail\\Mailer->send()
#10 /opt/lampp/htdocs/discussionforum/vendor/laravel/framework/src/Illuminate/Notifications/NotificationSender.php(144): Illuminate\\Notifications\\Channels\\MailChannel->send()
#11 /opt/lampp/htdocs/discussionforum/vendor/laravel/framework/src/Illuminate/Notifications/NotificationSender.php(103): Illuminate\\Notifications\\NotificationSender->sendToNotifiable()
#12 /opt/lampp/htdocs/discussionforum/vendor/laravel/framework/src/Illuminate/Support/Traits/Localizable.php(19): Illuminate\\Notifications\\NotificationSender->Illuminate\\Notifications\\{closure}()
#13 /opt/lampp/htdocs/discussionforum/vendor/laravel/framework/src/Illuminate/Notifications/NotificationSender.php(105): Illuminate\\Notifications\\NotificationSender->withLocale()
#14 /opt/lampp/htdocs/discussionforum/vendor/laravel/framework/src/Illuminate/Notifications/NotificationSender.php(77): Illuminate\\Notifications\\NotificationSender->sendNow()
#15 /opt/lampp/htdocs/discussionforum/vendor/laravel/framework/src/Illuminate/Notifications/ChannelManager.php(39): Illuminate\\Notifications\\NotificationSender->send()
#16 /opt/lampp/htdocs/discussionforum/vendor/laravel/framework/src/Illuminate/Notifications/RoutesNotifications.php(18): Illuminate\\Notifications\\ChannelManager->send()
#17 /opt/lampp/htdocs/discussionforum/vendor/laravel/framework/src/Illuminate/Auth/Passwords/CanResetPassword.php(27): App\\User->notify()
#18 /opt/lampp/htdocs/discussionforum/vendor/laravel/framework/src/Illuminate/Auth/Passwords/PasswordBroker.php(70): Illuminate\\Foundation\\Auth\\User->sendPasswordResetNotification()
#19 /opt/lampp/htdocs/discussionforum/vendor/laravel/framework/src/Illuminate/Foundation/Auth/SendsPasswordResetEmails.php(34): Illuminate\\Auth\\Passwords\\PasswordBroker->sendResetLink()
#20 [internal function]: App\\Http\\Controllers\\Auth\\ForgotPasswordController->sendResetLinkEmail()
#21 /opt/lampp/htdocs/discussionforum/vendor/laravel/framework/src/Illuminate/Routing/Controller.php(54): call_user_func_array()
#22 /opt/lampp/htdocs/discussionforum/vendor/laravel/framework/src/Illuminate/Routing/ControllerDispatcher.php(45): Illuminate\\Routing\\Controller->callAction()
#23 /opt/lampp/htdocs/discussionforum/vendor/laravel/framework/src/Illuminate/Routing/Route.php(219): Illuminate\\Routing\\ControllerDispatcher->dispatch()
#24 /opt/lampp/htdocs/discussionforum/vendor/laravel/framework/src/Illuminate/Routing/Route.php(176): Illuminate\\Routing\\Route->runController()
#25 /opt/lampp/htdocs/discussionforum/vendor/laravel/framework/src/Illuminate/Routing/Router.php(680): Illuminate\\Routing\\Route->run()
#26 /opt/lampp/htdocs/discussionforum/vendor/laravel/framework/src/Illuminate/Routing/Pipeline.php(30): Illuminate\\Routing\\Router->Illuminate\\Routing\\{closure}()
#27 /opt/lampp/htdocs/discussionforum/app/Http/Middleware/RedirectIfAuthenticated.php(24): Illuminate\\Routing\\Pipeline->Illuminate\\Routing\\{closure}()
#28 /opt/lampp/htdocs/discussionforum/vendor/laravel/framework/src/Illuminate/Pipeline/Pipeline.php(163): App\\Http\\Middleware\\RedirectIfAuthenticated->handle()
#29 /opt/lampp/htdocs/discussionforum/vendor/laravel/framework/src/Illuminate/Routing/Pipeline.php(53): Illuminate\\Pipeline\\Pipeline->Illuminate\\Pipeline\\{closure}()
#30 /opt/lampp/htdocs/discussionforum/vendor/laravel/framework/src/Illuminate/Routing/Middleware/SubstituteBindings.php(41): Illuminate\\Routing\\Pipeline->Illuminate\\Routing\\{closure}()
#31 /opt/lampp/htdocs/discussionforum/vendor/laravel/framework/src/Illuminate/Pipeline/Pipeline.php(163): Illuminate\\Routing\\Middleware\\SubstituteBindings->handle()
#32 /opt/lampp/htdocs/discussionforum/vendor/laravel/framework/src/Illuminate/Routing/Pipeline.php(53): Illuminate\\Pipeline\\Pipeline->Illuminate\\Pipeline\\{closure}()
#33 /opt/lampp/htdocs/discussionforum/vendor/laravel/framework/src/Illuminate/Foundation/Http/Middleware/VerifyCsrfToken.php(75): Illuminate\\Routing\\Pipeline->Illuminate\\Routing\\{closure}()
#34 /opt/lampp/htdocs/discussionforum/vendor/laravel/framework/src/Illuminate/Pipeline/Pipeline.php(163): Illuminate\\Foundation\\Http\\Middleware\\VerifyCsrfToken->handle()
#35 /opt/lampp/htdocs/discussionforum/vendor/laravel/framework/src/Illuminate/Routing/Pipeline.php(53): Illuminate\\Pipeline\\Pipeline->Illuminate\\Pipeline\\{closure}()
#36 /opt/lampp/htdocs/discussionforum/vendor/laravel/framework/src/Illuminate/View/Middleware/ShareErrorsFromSession.php(49): Illuminate\\Routing\\Pipeline->Illuminate\\Routing\\{closure}()
#37 /opt/lampp/htdocs/discussionforum/vendor/laravel/framework/src/Illuminate/Pipeline/Pipeline.php(163): Illuminate\\View\\Middleware\\ShareErrorsFromSession->handle()
#38 /opt/lampp/htdocs/discussionforum/vendor/laravel/framework/src/Illuminate/Routing/Pipeline.php(53): Illuminate\\Pipeline\\Pipeline->Illuminate\\Pipeline\\{closure}()
#39 /opt/lampp/htdocs/discussionforum/vendor/laravel/framework/src/Illuminate/Session/Middleware/StartSession.php(56): Illuminate\\Routing\\Pipeline->Illuminate\\Routing\\{closure}()
#40 /opt/lampp/htdocs/discussionforum/vendor/laravel/framework/src/Illuminate/Pipeline/Pipeline.php(163): Illuminate\\Session\\Middleware\\StartSession->handle()
#41 /opt/lampp/htdocs/discussionforum/vendor/laravel/framework/src/Illuminate/Routing/Pipeline.php(53): Illuminate\\Pipeline\\Pipeline->Illuminate\\Pipeline\\{closure}()
#42 /opt/lampp/htdocs/discussionforum/vendor/laravel/framework/src/Illuminate/Cookie/Middleware/AddQueuedCookiesToResponse.php(37): Illuminate\\Routing\\Pipeline->Illuminate\\Routing\\{closure}()
#43 /opt/lampp/htdocs/discussionforum/vendor/laravel/framework/src/Illuminate/Pipeline/Pipeline.php(163): Illuminate\\Cookie\\Middleware\\AddQueuedCookiesToResponse->handle()
#44 /opt/lampp/htdocs/discussionforum/vendor/laravel/framework/src/Illuminate/Routing/Pipeline.php(53): Illuminate\\Pipeline\\Pipeline->Illuminate\\Pipeline\\{closure}()
#45 /opt/lampp/htdocs/discussionforum/vendor/laravel/framework/src/Illuminate/Cookie/Middleware/EncryptCookies.php(66): Illuminate\\Routing\\Pipeline->Illuminate\\Routing\\{closure}()
#46 /opt/lampp/htdocs/discussionforum/vendor/laravel/framework/src/Illuminate/Pipeline/Pipeline.php(163): Illuminate\\Cookie\\Middleware\\EncryptCookies->handle()
#47 /opt/lampp/htdocs/discussionforum/vendor/laravel/framework/src/Illuminate/Routing/Pipeline.php(53): Illuminate\\Pipeline\\Pipeline->Illuminate\\Pipeline\\{closure}()
#48 /opt/lampp/htdocs/discussionforum/vendor/laravel/framework/src/Illuminate/Pipeline/Pipeline.php(104): Illuminate\\Routing\\Pipeline->Illuminate\\Routing\\{closure}()
#49 /opt/lampp/htdocs/discussionforum/vendor/laravel/framework/src/Illuminate/Routing/Router.php(682): Illuminate\\Pipeline\\Pipeline->then()
#50 /opt/lampp/htdocs/discussionforum/vendor/laravel/framework/src/Illuminate/Routing/Router.php(657): Illuminate\\Routing\\Router->runRouteWithinStack()
#51 /opt/lampp/htdocs/discussionforum/vendor/laravel/framework/src/Illuminate/Routing/Router.php(623): Illuminate\\Routing\\Router->runRoute()
#52 /opt/lampp/htdocs/discussionforum/vendor/laravel/framework/src/Illuminate/Routing/Router.php(612): Illuminate\\Routing\\Router->dispatchToRoute()
#53 /opt/lampp/htdocs/discussionforum/vendor/laravel/framework/src/Illuminate/Foundation/Http/Kernel.php(176): Illuminate\\Routing\\Router->dispatch()
#54 /opt/lampp/htdocs/discussionforum/vendor/laravel/framework/src/Illuminate/Routing/Pipeline.php(30): Illuminate\\Foundation\\Http\\Kernel->Illuminate\\Foundation\\Http\\{closure}()
#55 /opt/lampp/htdocs/discussionforum/vendor/fideloper/proxy/src/TrustProxies.php(57): Illuminate\\Routing\\Pipeline->Illuminate\\Routing\\{closure}()
#56 /opt/lampp/htdocs/discussionforum/vendor/laravel/framework/src/Illuminate/Pipeline/Pipeline.php(163): Fideloper\\Proxy\\TrustProxies->handle()
#57 /opt/lampp/htdocs/discussionforum/vendor/laravel/framework/src/Illuminate/Routing/Pipeline.php(53): Illuminate\\Pipeline\\Pipeline->Illuminate\\Pipeline\\{closure}()
#58 /opt/lampp/htdocs/discussionforum/vendor/laravel/framework/src/Illuminate/Foundation/Http/Middleware/TransformsRequest.php(21): Illuminate\\Routing\\Pipeline->Illuminate\\Routing\\{closure}()
#59 /opt/lampp/htdocs/discussionforum/vendor/laravel/framework/src/Illuminate/Pipeline/Pipeline.php(163): Illuminate\\Foundation\\Http\\Middleware\\TransformsRequest->handle()
#60 /opt/lampp/htdocs/discussionforum/vendor/laravel/framework/src/Illuminate/Routing/Pipeline.php(53): Illuminate\\Pipeline\\Pipeline->Illuminate\\Pipeline\\{closure}()
#61 /opt/lampp/htdocs/discussionforum/vendor/laravel/framework/src/Illuminate/Foundation/Http/Middleware/TransformsRequest.php(21): Illuminate\\Routing\\Pipeline->Illuminate\\Routing\\{closure}()
#62 /opt/lampp/htdocs/discussionforum/vendor/laravel/framework/src/Illuminate/Pipeline/Pipeline.php(163): Illuminate\\Foundation\\Http\\Middleware\\TransformsRequest->handle()
#63 /opt/lampp/htdocs/discussionforum/vendor/laravel/framework/src/Illuminate/Routing/Pipeline.php(53): Illuminate\\Pipeline\\Pipeline->Illuminate\\Pipeline\\{closure}()
#64 /opt/lampp/htdocs/discussionforum/vendor/laravel/framework/src/Illuminate/Foundation/Http/Middleware/ValidatePostSize.php(27): Illuminate\\Routing\\Pipeline->Illuminate\\Routing\\{closure}()
#65 /opt/lampp/htdocs/discussionforum/vendor/laravel/framework/src/Illuminate/Pipeline/Pipeline.php(163): Illuminate\\Foundation\\Http\\Middleware\\ValidatePostSize->handle()
#66 /opt/lampp/htdocs/discussionforum/vendor/laravel/framework/src/Illuminate/Routing/Pipeline.php(53): Illuminate\\Pipeline\\Pipeline->Illuminate\\Pipeline\\{closure}()
#67 /opt/lampp/htdocs/discussionforum/vendor/laravel/framework/src/Illuminate/Foundation/Http/Middleware/CheckForMaintenanceMode.php(62): Illuminate\\Routing\\Pipeline->Illuminate\\Routing\\{closure}()
#68 /opt/lampp/htdocs/discussionforum/vendor/laravel/framework/src/Illuminate/Pipeline/Pipeline.php(163): Illuminate\\Foundation\\Http\\Middleware\\CheckForMaintenanceMode->handle()
#69 /opt/lampp/htdocs/discussionforum/vendor/laravel/framework/src/Illuminate/Routing/Pipeline.php(53): Illuminate\\Pipeline\\Pipeline->Illuminate\\Pipeline\\{closure}()
#70 /opt/lampp/htdocs/discussionforum/vendor/laravel/framework/src/Illuminate/Pipeline/Pipeline.php(104): Illuminate\\Routing\\Pipeline->Illuminate\\Routing\\{closure}()
#71 /opt/lampp/htdocs/discussionforum/vendor/laravel/framework/src/Illuminate/Foundation/Http/Kernel.php(151): Illuminate\\Pipeline\\Pipeline->then()
#72 /opt/lampp/htdocs/discussionforum/vendor/laravel/framework/src/Illuminate/Foundation/Http/Kernel.php(116): Illuminate\\Foundation\\Http\\Kernel->sendRequestThroughRouter()
#73 /opt/lampp/htdocs/discussionforum/public/index.php(55): Illuminate\\Foundation\\Http\\Kernel->handle()
#74 /opt/lampp/htdocs/discussionforum/server.php(21): require_once('/opt/lampp/htdo...')
#75 {main}
"} 
