[2020-06-06 16:45:30] local.ERROR: could not find driver (SQL: select * from information_schema.tables where table_schema = discussionforum and table_name = migrations and table_type = 'BASE TABLE') {"exception":"[object] (Illuminate\\Database\\QueryException(code: 0): could not find driver (SQL: select * from information_schema.tables where table_schema = discussionforum and table_name = migrations and table_type = 'BASE TABLE') at /opt/lampp/htdocs/discussionforum/vendor/laravel/framework/src/Illuminate/Database/Connection.php:664, PDOException(code: 0): could not find driver at /opt/lampp/htdocs/discussionforum/vendor/laravel/framework/src/Illuminate/Database/Connectors/Connector.php:70)
[stacktrace]
#0 /opt/lampp/htdocs/discussionforum/vendor/laravel/framework/src/Illuminate/Database/Connection.php(624): Illuminate\\Database\\Connection->runQueryCallback()
#1 /opt/lampp/htdocs/discussionforum/vendor/laravel/framework/src/Illuminate/Database/Connection.php(333): Illuminate\\Database\\Connection->run()
#2 /opt/lampp/htdocs/discussionforum/vendor/laravel/framework/src/Illuminate/Database/Schema/MySqlBuilder.php(18): Illuminate\\Database\\Connection->select()
#3 /opt/lampp/htdocs/discussionforum/vendor/laravel/framework/src/Illuminate/Database/Migrations/DatabaseMigrationRepository.php(169): Illuminate\\Database\\Schema\\MySqlBuilder->hasTable()
#4 /opt/lampp/htdocs/discussionforum/vendor/laravel/framework/src/Illuminate/Database/Migrations/Migrator.php(585): Illuminate\\Database\\Migrations\\DatabaseMigrationRepository->repositoryExists()
#5 /opt/lampp/htdocs/discussionforum/vendor/laravel/framework/src/Illuminate/Database/Console/Migrations/MigrateCommand.php(91): Illuminate\\Database\\Migrations\\Migrator->repositoryExists()
#6 /opt/lampp/htdocs/discussionforum/vendor/laravel/framework/src/Illuminate/Database/Console/Migrations/MigrateCommand.php(63): Illuminate\\Database\\Console\\Migrations\\MigrateCommand->prepareDatabase()
#7 [internal function]: Illuminate\\Database\\Console\\Migrations\\MigrateCommand->handle()
#8 /opt/lampp/htdocs/discussionforum/vendor/laravel/framework/src/Illuminate/Container/BoundMethod.php(32): call_user_func_array()
#9 /opt/lampp/htdocs/discussionforum/vendor/laravel/framework/src/Illuminate/Container/BoundMethod.php(90): Illuminate\\Container\\BoundMethod::Illuminate\\Container\\{closure}()
#10 /opt/lampp/htdocs/discussionforum/vendor/laravel/framework/src/Illuminate/Container/BoundMethod.php(34): Illuminate\\Container\\BoundMethod::callBoundMethod()
#11 /opt/lampp/htdocs/discussionforum/vendor/laravel/framework/src/Illuminate/Container/Container.php(576): Illuminate\\Container\\BoundMethod::call()
#12 /opt/lampp/htdocs/discussionforum/vendor/laravel/framework/src/Illuminate/Console/Command.php(183): Illuminate\\Container\\Container->call()
#13 /opt/lampp/htdocs/discussionforum/vendor/symfony/console/Command/Command.php(255): Illuminate\\Console\\Command->execute()
#14 /opt/lampp/htdocs/discussionforum/vendor/laravel/framework/src/Illuminate/Console/Command.php(170): Symfony\\Component\\Console\\Command\\Command->run()
#15 /opt/lampp/htdocs/discussionforum/vendor/symfony/console/Application.php(915): Illuminate\\Console\\Command->run()
#16 /opt/lampp/htdocs/discussionforum/vendor/symfony/console/Application.php(272): Symfony\\Component\\Console\\Application->doRunCommand()
#17 /opt/lampp/htdocs/discussionforum/vendor/symfony/console/Application.php(148): Symfony\\Component\\Console\\Application->doRun()
#18 /opt/lampp/htdocs/discussionforum/vendor/laravel/framework/src/Illuminate/Console/Application.php(90): Symfony\\Component\\Console\\Application->run()
#19 /opt/lampp/htdocs/discussionforum/vendor/laravel/framework/src/Illuminate/Foundation/Console/Kernel.php(133): Illuminate\\Console\\Application->run()
#20 /opt/lampp/htdocs/discussionforum/artisan(37): Illuminate\\Foundation\\Console\\Kernel->handle()
#21 {main}
"} 
[2020-06-06 16:46:53] local.ERROR: could not find driver (SQL: select * from information_schema.tables where table_schema = discussionforum and table_name = migrations and table_type = 'BASE TABLE') {"exception":"[object] (Illuminate\\Database\\QueryException(code: 0): could not find driver (SQL: select * from information_schema.tables where table_schema = discussionforum and table_name = migrations and table_type = 'BASE TABLE') at /opt/lampp/htdocs/discussionforum/vendor/laravel/framework/src/Illuminate/Database/Connection.php:664, PDOException(code: 0): could not find driver at /opt/lampp/htdocs/discussionforum/vendor/laravel/framework/src/Illuminate/Database/Connectors/Connector.php:70)
[stacktrace]
#0 /opt/lampp/htdocs/discussionforum/vendor/laravel/framework/src/Illuminate/Database/Connection.php(624): Illuminate\\Database\\Connection->runQueryCallback()
#1 /opt/lampp/htdocs/discussionforum/vendor/laravel/framework/src/Illuminate/Database/Connection.php(333): Illuminate\\Database\\Connection->run()
#2 /opt/lampp/htdocs/discussionforum/vendor/laravel/framework/src/Illuminate/Database/Schema/MySqlBuilder.php(18): Illuminate\\Database\\Connection->select()
#3 /opt/lampp/htdocs/discussionforum/vendor/laravel/framework/src/Illuminate/Database/Migrations/DatabaseMigrationRepository.php(169): Illuminate\\Database\\Schema\\MySqlBuilder->hasTable()
#4 /opt/lampp/htdocs/discussionforum/vendor/laravel/framework/src/Illuminate/Database/Migrations/Migrator.php(585): Illuminate\\Database\\Migrations\\DatabaseMigrationRepository->repositoryExists()
#5 /opt/lampp/htdocs/discussionforum/vendor/laravel/framework/src/Illuminate/Database/Console/Migrations/MigrateCommand.php(91): Illuminate\\Database\\Migrations\\Migrator->repositoryExists()
#6 /opt/lampp/htdocs/discussionforum/vendor/laravel/framework/src/Illuminate/Database/Console/Migrations/MigrateCommand.php(63): Illuminate\\Database\\Console\\Migrations\\MigrateCommand->prepareDatabase()
#7 [internal function]: Illuminate\\Database\\Console\\Migrations\\MigrateCommand->handle()
#8 /opt/lampp/htdocs/discussionforum/vendor/laravel/framework/src/Illuminate/Container/BoundMethod.php(32): call_user_func_array()
#9 /opt/lampp/htdocs/discussionforum/vendor/laravel/framework/src/Illuminate/Container/BoundMethod.php(90): Illuminate\\Container\\BoundMethod::Illuminate\\Container\\{closure}()
#10 /opt/lampp/htdocs/discussionforum/vendor/laravel/framework/src/Illuminate/Container/BoundMethod.php(34): Illuminate\\Container\\BoundMethod::callBoundMethod()
#11 /opt/lampp/htdocs/discussionforum/vendor/laravel/framework/src/Illuminate/Container/Container.php(576): Illuminate\\Container\\BoundMethod::call()
#12 /opt/lampp/htdocs/discussionforum/vendor/laravel/framework/src/Illuminate/Console/Command.php(183): Illuminate\\Container\\Container->call()
#13 /opt/lampp/htdocs/discussionforum/vendor/symfony/console/Command/Command.php(255): Illuminate\\Console\\Command->execute()
#14 /opt/lampp/htdocs/discussionforum/vendor/laravel/framework/src/Illuminate/Console/Command.php(170): Symfony\\Component\\Console\\Command\\Command->run()
#15 /opt/lampp/htdocs/discussionforum/vendor/symfony/console/Application.php(915): Illuminate\\Console\\Command->run()
#16 /opt/lampp/htdocs/discussionforum/vendor/symfony/console/Application.php(272): Symfony\\Component\\Console\\Application->doRunCommand()
#17 /opt/lampp/htdocs/discussionforum/vendor/symfony/console/Application.php(148): Symfony\\Component\\Console\\Application->doRun()
#18 /opt/lampp/htdocs/discussionforum/vendor/laravel/framework/src/Illuminate/Console/Application.php(90): Symfony\\Component\\Console\\Application->run()
#19 /opt/lampp/htdocs/discussionforum/vendor/laravel/framework/src/Illuminate/Foundation/Console/Kernel.php(133): Illuminate\\Console\\Application->run()
#20 /opt/lampp/htdocs/discussionforum/artisan(37): Illuminate\\Foundation\\Console\\Kernel->handle()
#21 {main}
"} 
[2020-06-06 16:49:16] local.ERROR: could not find driver (SQL: select * from information_schema.tables where table_schema = forumdb and table_name = migrations and table_type = 'BASE TABLE') {"exception":"[object] (Illuminate\\Database\\QueryException(code: 0): could not find driver (SQL: select * from information_schema.tables where table_schema = forumdb and table_name = migrations and table_type = 'BASE TABLE') at /opt/lampp/htdocs/discussionforum/vendor/laravel/framework/src/Illuminate/Database/Connection.php:664, PDOException(code: 0): could not find driver at /opt/lampp/htdocs/discussionforum/vendor/laravel/framework/src/Illuminate/Database/Connectors/Connector.php:70)
[stacktrace]
#0 /opt/lampp/htdocs/discussionforum/vendor/laravel/framework/src/Illuminate/Database/Connection.php(624): Illuminate\\Database\\Connection->runQueryCallback()
#1 /opt/lampp/htdocs/discussionforum/vendor/laravel/framework/src/Illuminate/Database/Connection.php(333): Illuminate\\Database\\Connection->run()
#2 /opt/lampp/htdocs/discussionforum/vendor/laravel/framework/src/Illuminate/Database/Schema/MySqlBuilder.php(18): Illuminate\\Database\\Connection->select()
#3 /opt/lampp/htdocs/discussionforum/vendor/laravel/framework/src/Illuminate/Database/Migrations/DatabaseMigrationRepository.php(169): Illuminate\\Database\\Schema\\MySqlBuilder->hasTable()
#4 /opt/lampp/htdocs/discussionforum/vendor/laravel/framework/src/Illuminate/Database/Migrations/Migrator.php(585): Illuminate\\Database\\Migrations\\DatabaseMigrationRepository->repositoryExists()
#5 /opt/lampp/htdocs/discussionforum/vendor/laravel/framework/src/Illuminate/Database/Console/Migrations/MigrateCommand.php(91): Illuminate\\Database\\Migrations\\Migrator->repositoryExists()
#6 /opt/lampp/htdocs/discussionforum/vendor/laravel/framework/src/Illuminate/Database/Console/Migrations/MigrateCommand.php(63): Illuminate\\Database\\Console\\Migrations\\MigrateCommand->prepareDatabase()
#7 [internal function]: Illuminate\\Database\\Console\\Migrations\\MigrateCommand->handle()
#8 /opt/lampp/htdocs/discussionforum/vendor/laravel/framework/src/Illuminate/Container/BoundMethod.php(32): call_user_func_array()
#9 /opt/lampp/htdocs/discussionforum/vendor/laravel/framework/src/Illuminate/Container/BoundMethod.php(90): Illuminate\\Container\\BoundMethod::Illuminate\\Container\\{closure}()
#10 /opt/lampp/htdocs/discussionforum/vendor/laravel/framework/src/Illuminate/Container/BoundMethod.php(34): Illuminate\\Container\\BoundMethod::callBoundMethod()
#11 /opt/lampp/htdocs/discussionforum/vendor/laravel/framework/src/Illuminate/Container/Container.php(576): Illuminate\\Container\\BoundMethod::call()
#12 /opt/lampp/htdocs/discussionforum/vendor/laravel/framework/src/Illuminate/Console/Command.php(183): Illuminate\\Container\\Container->call()
#13 /opt/lampp/htdocs/discussionforum/vendor/symfony/console/Command/Command.php(255): Illuminate\\Console\\Command->execute()
#14 /opt/lampp/htdocs/discussionforum/vendor/laravel/framework/src/Illuminate/Console/Command.php(170): Symfony\\Component\\Console\\Command\\Command->run()
#15 /opt/lampp/htdocs/discussionforum/vendor/symfony/console/Application.php(915): Illuminate\\Console\\Command->run()
#16 /opt/lampp/htdocs/discussionforum/vendor/symfony/console/Application.php(272): Symfony\\Component\\Console\\Application->doRunCommand()
#17 /opt/lampp/htdocs/discussionforum/vendor/symfony/console/Application.php(148): Symfony\\Component\\Console\\Application->doRun()
#18 /opt/lampp/htdocs/discussionforum/vendor/laravel/framework/src/Illuminate/Console/Application.php(90): Symfony\\Component\\Console\\Application->run()
#19 /opt/lampp/htdocs/discussionforum/vendor/laravel/framework/src/Illuminate/Foundation/Console/Kernel.php(133): Illuminate\\Console\\Application->run()
#20 /opt/lampp/htdocs/discussionforum/artisan(37): Illuminate\\Foundation\\Console\\Kernel->handle()
#21 {main}
"} 
[2020-06-06 16:53:27] local.ERROR: could not find driver (SQL: select * from information_schema.tables where table_schema = forumdb and table_name = migrations and table_type = 'BASE TABLE') {"exception":"[object] (Illuminate\\Database\\QueryException(code: 0): could not find driver (SQL: select * from information_schema.tables where table_schema = forumdb and table_name = migrations and table_type = 'BASE TABLE') at /opt/lampp/htdocs/discussionforum/vendor/laravel/framework/src/Illuminate/Database/Connection.php:664, PDOException(code: 0): could not find driver at /opt/lampp/htdocs/discussionforum/vendor/laravel/framework/src/Illuminate/Database/Connectors/Connector.php:70)
[stacktrace]
#0 /opt/lampp/htdocs/discussionforum/vendor/laravel/framework/src/Illuminate/Database/Connection.php(624): Illuminate\\Database\\Connection->runQueryCallback()
#1 /opt/lampp/htdocs/discussionforum/vendor/laravel/framework/src/Illuminate/Database/Connection.php(333): Illuminate\\Database\\Connection->run()
#2 /opt/lampp/htdocs/discussionforum/vendor/laravel/framework/src/Illuminate/Database/Schema/MySqlBuilder.php(18): Illuminate\\Database\\Connection->select()
#3 /opt/lampp/htdocs/discussionforum/vendor/laravel/framework/src/Illuminate/Database/Migrations/DatabaseMigrationRepository.php(169): Illuminate\\Database\\Schema\\MySqlBuilder->hasTable()
#4 /opt/lampp/htdocs/discussionforum/vendor/laravel/framework/src/Illuminate/Database/Migrations/Migrator.php(585): Illuminate\\Database\\Migrations\\DatabaseMigrationRepository->repositoryExists()
#5 /opt/lampp/htdocs/discussionforum/vendor/laravel/framework/src/Illuminate/Database/Console/Migrations/MigrateCommand.php(91): Illuminate\\Database\\Migrations\\Migrator->repositoryExists()
#6 /opt/lampp/htdocs/discussionforum/vendor/laravel/framework/src/Illuminate/Database/Console/Migrations/MigrateCommand.php(63): Illuminate\\Database\\Console\\Migrations\\MigrateCommand->prepareDatabase()
#7 [internal function]: Illuminate\\Database\\Console\\Migrations\\MigrateCommand->handle()
#8 /opt/lampp/htdocs/discussionforum/vendor/laravel/framework/src/Illuminate/Container/BoundMethod.php(32): call_user_func_array()
#9 /opt/lampp/htdocs/discussionforum/vendor/laravel/framework/src/Illuminate/Container/BoundMethod.php(90): Illuminate\\Container\\BoundMethod::Illuminate\\Container\\{closure}()
#10 /opt/lampp/htdocs/discussionforum/vendor/laravel/framework/src/Illuminate/Container/BoundMethod.php(34): Illuminate\\Container\\BoundMethod::callBoundMethod()
#11 /opt/lampp/htdocs/discussionforum/vendor/laravel/framework/src/Illuminate/Container/Container.php(576): Illuminate\\Container\\BoundMethod::call()
#12 /opt/lampp/htdocs/discussionforum/vendor/laravel/framework/src/Illuminate/Console/Command.php(183): Illuminate\\Container\\Container->call()
#13 /opt/lampp/htdocs/discussionforum/vendor/symfony/console/Command/Command.php(255): Illuminate\\Console\\Command->execute()
#14 /opt/lampp/htdocs/discussionforum/vendor/laravel/framework/src/Illuminate/Console/Command.php(170): Symfony\\Component\\Console\\Command\\Command->run()
#15 /opt/lampp/htdocs/discussionforum/vendor/symfony/console/Application.php(915): Illuminate\\Console\\Command->run()
#16 /opt/lampp/htdocs/discussionforum/vendor/symfony/console/Application.php(272): Symfony\\Component\\Console\\Application->doRunCommand()
#17 /opt/lampp/htdocs/discussionforum/vendor/symfony/console/Application.php(148): Symfony\\Component\\Console\\Application->doRun()
#18 /opt/lampp/htdocs/discussionforum/vendor/laravel/framework/src/Illuminate/Console/Application.php(90): Symfony\\Component\\Console\\Application->run()
#19 /opt/lampp/htdocs/discussionforum/vendor/laravel/framework/src/Illuminate/Foundation/Console/Kernel.php(133): Illuminate\\Console\\Application->run()
#20 /opt/lampp/htdocs/discussionforum/artisan(37): Illuminate\\Foundation\\Console\\Kernel->handle()
#21 {main}
"} 
[2020-06-06 16:56:42] local.ERROR: could not find driver (SQL: select * from information_schema.tables where table_schema = forumdb and table_name = migrations and table_type = 'BASE TABLE') {"exception":"[object] (Illuminate\\Database\\QueryException(code: 0): could not find driver (SQL: select * from information_schema.tables where table_schema = forumdb and table_name = migrations and table_type = 'BASE TABLE') at /opt/lampp/htdocs/discussionforum/vendor/laravel/framework/src/Illuminate/Database/Connection.php:664, PDOException(code: 0): could not find driver at /opt/lampp/htdocs/discussionforum/vendor/laravel/framework/src/Illuminate/Database/Connectors/Connector.php:70)
[stacktrace]
#0 /opt/lampp/htdocs/discussionforum/vendor/laravel/framework/src/Illuminate/Database/Connection.php(624): Illuminate\\Database\\Connection->runQueryCallback()
#1 /opt/lampp/htdocs/discussionforum/vendor/laravel/framework/src/Illuminate/Database/Connection.php(333): Illuminate\\Database\\Connection->run()
#2 /opt/lampp/htdocs/discussionforum/vendor/laravel/framework/src/Illuminate/Database/Schema/MySqlBuilder.php(18): Illuminate\\Database\\Connection->select()
#3 /opt/lampp/htdocs/discussionforum/vendor/laravel/framework/src/Illuminate/Database/Migrations/DatabaseMigrationRepository.php(169): Illuminate\\Database\\Schema\\MySqlBuilder->hasTable()
#4 /opt/lampp/htdocs/discussionforum/vendor/laravel/framework/src/Illuminate/Database/Migrations/Migrator.php(585): Illuminate\\Database\\Migrations\\DatabaseMigrationRepository->repositoryExists()
#5 /opt/lampp/htdocs/discussionforum/vendor/laravel/framework/src/Illuminate/Database/Console/Migrations/MigrateCommand.php(91): Illuminate\\Database\\Migrations\\Migrator->repositoryExists()
#6 /opt/lampp/htdocs/discussionforum/vendor/laravel/framework/src/Illuminate/Database/Console/Migrations/MigrateCommand.php(63): Illuminate\\Database\\Console\\Migrations\\MigrateCommand->prepareDatabase()
#7 [internal function]: Illuminate\\Database\\Console\\Migrations\\MigrateCommand->handle()
#8 /opt/lampp/htdocs/discussionforum/vendor/laravel/framework/src/Illuminate/Container/BoundMethod.php(32): call_user_func_array()
#9 /opt/lampp/htdocs/discussionforum/vendor/laravel/framework/src/Illuminate/Container/BoundMethod.php(90): Illuminate\\Container\\BoundMethod::Illuminate\\Container\\{closure}()
#10 /opt/lampp/htdocs/discussionforum/vendor/laravel/framework/src/Illuminate/Container/BoundMethod.php(34): Illuminate\\Container\\BoundMethod::callBoundMethod()
#11 /opt/lampp/htdocs/discussionforum/vendor/laravel/framework/src/Illuminate/Container/Container.php(576): Illuminate\\Container\\BoundMethod::call()
#12 /opt/lampp/htdocs/discussionforum/vendor/laravel/framework/src/Illuminate/Console/Command.php(183): Illuminate\\Container\\Container->call()
#13 /opt/lampp/htdocs/discussionforum/vendor/symfony/console/Command/Command.php(255): Illuminate\\Console\\Command->execute()
#14 /opt/lampp/htdocs/discussionforum/vendor/laravel/framework/src/Illuminate/Console/Command.php(170): Symfony\\Component\\Console\\Command\\Command->run()
#15 /opt/lampp/htdocs/discussionforum/vendor/symfony/console/Application.php(915): Illuminate\\Console\\Command->run()
#16 /opt/lampp/htdocs/discussionforum/vendor/symfony/console/Application.php(272): Symfony\\Component\\Console\\Application->doRunCommand()
#17 /opt/lampp/htdocs/discussionforum/vendor/symfony/console/Application.php(148): Symfony\\Component\\Console\\Application->doRun()
#18 /opt/lampp/htdocs/discussionforum/vendor/laravel/framework/src/Illuminate/Console/Application.php(90): Symfony\\Component\\Console\\Application->run()
#19 /opt/lampp/htdocs/discussionforum/vendor/laravel/framework/src/Illuminate/Foundation/Console/Kernel.php(133): Illuminate\\Console\\Application->run()
#20 /opt/lampp/htdocs/discussionforum/artisan(37): Illuminate\\Foundation\\Console\\Kernel->handle()
#21 {main}
"} 
[2020-06-06 16:58:36] local.ERROR: could not find driver (SQL: select * from information_schema.tables where table_schema = forumdb and table_name = migrations and table_type = 'BASE TABLE') {"exception":"[object] (Illuminate\\Database\\QueryException(code: 0): could not find driver (SQL: select * from information_schema.tables where table_schema = forumdb and table_name = migrations and table_type = 'BASE TABLE') at /opt/lampp/htdocs/discussionforum/vendor/laravel/framework/src/Illuminate/Database/Connection.php:664, PDOException(code: 0): could not find driver at /opt/lampp/htdocs/discussionforum/vendor/laravel/framework/src/Illuminate/Database/Connectors/Connector.php:70)
[stacktrace]
#0 /opt/lampp/htdocs/discussionforum/vendor/laravel/framework/src/Illuminate/Database/Connection.php(624): Illuminate\\Database\\Connection->runQueryCallback()
#1 /opt/lampp/htdocs/discussionforum/vendor/laravel/framework/src/Illuminate/Database/Connection.php(333): Illuminate\\Database\\Connection->run()
#2 /opt/lampp/htdocs/discussionforum/vendor/laravel/framework/src/Illuminate/Database/Schema/MySqlBuilder.php(18): Illuminate\\Database\\Connection->select()
#3 /opt/lampp/htdocs/discussionforum/vendor/laravel/framework/src/Illuminate/Database/Migrations/DatabaseMigrationRepository.php(169): Illuminate\\Database\\Schema\\MySqlBuilder->hasTable()
#4 /opt/lampp/htdocs/discussionforum/vendor/laravel/framework/src/Illuminate/Database/Migrations/Migrator.php(585): Illuminate\\Database\\Migrations\\DatabaseMigrationRepository->repositoryExists()
#5 /opt/lampp/htdocs/discussionforum/vendor/laravel/framework/src/Illuminate/Database/Console/Migrations/MigrateCommand.php(91): Illuminate\\Database\\Migrations\\Migrator->repositoryExists()
#6 /opt/lampp/htdocs/discussionforum/vendor/laravel/framework/src/Illuminate/Database/Console/Migrations/MigrateCommand.php(63): Illuminate\\Database\\Console\\Migrations\\MigrateCommand->prepareDatabase()
#7 [internal function]: Illuminate\\Database\\Console\\Migrations\\MigrateCommand->handle()
#8 /opt/lampp/htdocs/discussionforum/vendor/laravel/framework/src/Illuminate/Container/BoundMethod.php(32): call_user_func_array()
#9 /opt/lampp/htdocs/discussionforum/vendor/laravel/framework/src/Illuminate/Container/BoundMethod.php(90): Illuminate\\Container\\BoundMethod::Illuminate\\Container\\{closure}()
#10 /opt/lampp/htdocs/discussionforum/vendor/laravel/framework/src/Illuminate/Container/BoundMethod.php(34): Illuminate\\Container\\BoundMethod::callBoundMethod()
#11 /opt/lampp/htdocs/discussionforum/vendor/laravel/framework/src/Illuminate/Container/Container.php(576): Illuminate\\Container\\BoundMethod::call()
#12 /opt/lampp/htdocs/discussionforum/vendor/laravel/framework/src/Illuminate/Console/Command.php(183): Illuminate\\Container\\Container->call()
#13 /opt/lampp/htdocs/discussionforum/vendor/symfony/console/Command/Command.php(255): Illuminate\\Console\\Command->execute()
#14 /opt/lampp/htdocs/discussionforum/vendor/laravel/framework/src/Illuminate/Console/Command.php(170): Symfony\\Component\\Console\\Command\\Command->run()
#15 /opt/lampp/htdocs/discussionforum/vendor/symfony/console/Application.php(915): Illuminate\\Console\\Command->run()
#16 /opt/lampp/htdocs/discussionforum/vendor/symfony/console/Application.php(272): Symfony\\Component\\Console\\Application->doRunCommand()
#17 /opt/lampp/htdocs/discussionforum/vendor/symfony/console/Application.php(148): Symfony\\Component\\Console\\Application->doRun()
#18 /opt/lampp/htdocs/discussionforum/vendor/laravel/framework/src/Illuminate/Console/Application.php(90): Symfony\\Component\\Console\\Application->run()
#19 /opt/lampp/htdocs/discussionforum/vendor/laravel/framework/src/Illuminate/Foundation/Console/Kernel.php(133): Illuminate\\Console\\Application->run()
#20 /opt/lampp/htdocs/discussionforum/artisan(37): Illuminate\\Foundation\\Console\\Kernel->handle()
#21 {main}
"} 
[2020-06-06 17:42:33] local.ERROR: could not find driver (SQL: select * from information_schema.tables where table_schema = forumdb and table_name = migrations and table_type = 'BASE TABLE') {"exception":"[object] (Illuminate\\Database\\QueryException(code: 0): could not find driver (SQL: select * from information_schema.tables where table_schema = forumdb and table_name = migrations and table_type = 'BASE TABLE') at /opt/lampp/htdocs/discussionforum/vendor/laravel/framework/src/Illuminate/Database/Connection.php:664, PDOException(code: 0): could not find driver at /opt/lampp/htdocs/discussionforum/vendor/laravel/framework/src/Illuminate/Database/Connectors/Connector.php:70)
[stacktrace]
#0 /opt/lampp/htdocs/discussionforum/vendor/laravel/framework/src/Illuminate/Database/Connection.php(624): Illuminate\\Database\\Connection->runQueryCallback()
#1 /opt/lampp/htdocs/discussionforum/vendor/laravel/framework/src/Illuminate/Database/Connection.php(333): Illuminate\\Database\\Connection->run()
#2 /opt/lampp/htdocs/discussionforum/vendor/laravel/framework/src/Illuminate/Database/Schema/MySqlBuilder.php(18): Illuminate\\Database\\Connection->select()
#3 /opt/lampp/htdocs/discussionforum/vendor/laravel/framework/src/Illuminate/Database/Migrations/DatabaseMigrationRepository.php(169): Illuminate\\Database\\Schema\\MySqlBuilder->hasTable()
#4 /opt/lampp/htdocs/discussionforum/vendor/laravel/framework/src/Illuminate/Database/Migrations/Migrator.php(585): Illuminate\\Database\\Migrations\\DatabaseMigrationRepository->repositoryExists()
#5 /opt/lampp/htdocs/discussionforum/vendor/laravel/framework/src/Illuminate/Database/Console/Migrations/MigrateCommand.php(91): Illuminate\\Database\\Migrations\\Migrator->repositoryExists()
#6 /opt/lampp/htdocs/discussionforum/vendor/laravel/framework/src/Illuminate/Database/Console/Migrations/MigrateCommand.php(63): Illuminate\\Database\\Console\\Migrations\\MigrateCommand->prepareDatabase()
#7 [internal function]: Illuminate\\Database\\Console\\Migrations\\MigrateCommand->handle()
#8 /opt/lampp/htdocs/discussionforum/vendor/laravel/framework/src/Illuminate/Container/BoundMethod.php(32): call_user_func_array()
#9 /opt/lampp/htdocs/discussionforum/vendor/laravel/framework/src/Illuminate/Container/BoundMethod.php(90): Illuminate\\Container\\BoundMethod::Illuminate\\Container\\{closure}()
#10 /opt/lampp/htdocs/discussionforum/vendor/laravel/framework/src/Illuminate/Container/BoundMethod.php(34): Illuminate\\Container\\BoundMethod::callBoundMethod()
#11 /opt/lampp/htdocs/discussionforum/vendor/laravel/framework/src/Illuminate/Container/Container.php(576): Illuminate\\Container\\BoundMethod::call()
#12 /opt/lampp/htdocs/discussionforum/vendor/laravel/framework/src/Illuminate/Console/Command.php(183): Illuminate\\Container\\Container->call()
#13 /opt/lampp/htdocs/discussionforum/vendor/symfony/console/Command/Command.php(255): Illuminate\\Console\\Command->execute()
#14 /opt/lampp/htdocs/discussionforum/vendor/laravel/framework/src/Illuminate/Console/Command.php(170): Symfony\\Component\\Console\\Command\\Command->run()
#15 /opt/lampp/htdocs/discussionforum/vendor/symfony/console/Application.php(915): Illuminate\\Console\\Command->run()
#16 /opt/lampp/htdocs/discussionforum/vendor/symfony/console/Application.php(272): Symfony\\Component\\Console\\Application->doRunCommand()
#17 /opt/lampp/htdocs/discussionforum/vendor/symfony/console/Application.php(148): Symfony\\Component\\Console\\Application->doRun()
#18 /opt/lampp/htdocs/discussionforum/vendor/laravel/framework/src/Illuminate/Console/Application.php(90): Symfony\\Component\\Console\\Application->run()
#19 /opt/lampp/htdocs/discussionforum/vendor/laravel/framework/src/Illuminate/Foundation/Console/Kernel.php(133): Illuminate\\Console\\Application->run()
#20 /opt/lampp/htdocs/discussionforum/artisan(37): Illuminate\\Foundation\\Console\\Kernel->handle()
#21 {main}
"} 
[2020-06-06 17:43:59] local.ERROR: could not find driver (SQL: select * from information_schema.tables where table_schema = forumdb and table_name = migrations and table_type = 'BASE TABLE') {"exception":"[object] (Illuminate\\Database\\QueryException(code: 0): could not find driver (SQL: select * from information_schema.tables where table_schema = forumdb and table_name = migrations and table_type = 'BASE TABLE') at /opt/lampp/htdocs/discussionforum/vendor/laravel/framework/src/Illuminate/Database/Connection.php:664, PDOException(code: 0): could not find driver at /opt/lampp/htdocs/discussionforum/vendor/laravel/framework/src/Illuminate/Database/Connectors/Connector.php:70)
[stacktrace]
#0 /opt/lampp/htdocs/discussionforum/vendor/laravel/framework/src/Illuminate/Database/Connection.php(624): Illuminate\\Database\\Connection->runQueryCallback()
#1 /opt/lampp/htdocs/discussionforum/vendor/laravel/framework/src/Illuminate/Database/Connection.php(333): Illuminate\\Database\\Connection->run()
#2 /opt/lampp/htdocs/discussionforum/vendor/laravel/framework/src/Illuminate/Database/Schema/MySqlBuilder.php(18): Illuminate\\Database\\Connection->select()
#3 /opt/lampp/htdocs/discussionforum/vendor/laravel/framework/src/Illuminate/Database/Migrations/DatabaseMigrationRepository.php(169): Illuminate\\Database\\Schema\\MySqlBuilder->hasTable()
#4 /opt/lampp/htdocs/discussionforum/vendor/laravel/framework/src/Illuminate/Database/Migrations/Migrator.php(585): Illuminate\\Database\\Migrations\\DatabaseMigrationRepository->repositoryExists()
#5 /opt/lampp/htdocs/discussionforum/vendor/laravel/framework/src/Illuminate/Database/Console/Migrations/MigrateCommand.php(91): Illuminate\\Database\\Migrations\\Migrator->repositoryExists()
#6 /opt/lampp/htdocs/discussionforum/vendor/laravel/framework/src/Illuminate/Database/Console/Migrations/MigrateCommand.php(63): Illuminate\\Database\\Console\\Migrations\\MigrateCommand->prepareDatabase()
#7 [internal function]: Illuminate\\Database\\Console\\Migrations\\MigrateCommand->handle()
#8 /opt/lampp/htdocs/discussionforum/vendor/laravel/framework/src/Illuminate/Container/BoundMethod.php(32): call_user_func_array()
#9 /opt/lampp/htdocs/discussionforum/vendor/laravel/framework/src/Illuminate/Container/BoundMethod.php(90): Illuminate\\Container\\BoundMethod::Illuminate\\Container\\{closure}()
#10 /opt/lampp/htdocs/discussionforum/vendor/laravel/framework/src/Illuminate/Container/BoundMethod.php(34): Illuminate\\Container\\BoundMethod::callBoundMethod()
#11 /opt/lampp/htdocs/discussionforum/vendor/laravel/framework/src/Illuminate/Container/Container.php(576): Illuminate\\Container\\BoundMethod::call()
#12 /opt/lampp/htdocs/discussionforum/vendor/laravel/framework/src/Illuminate/Console/Command.php(183): Illuminate\\Container\\Container->call()
#13 /opt/lampp/htdocs/discussionforum/vendor/symfony/console/Command/Command.php(255): Illuminate\\Console\\Command->execute()
#14 /opt/lampp/htdocs/discussionforum/vendor/laravel/framework/src/Illuminate/Console/Command.php(170): Symfony\\Component\\Console\\Command\\Command->run()
#15 /opt/lampp/htdocs/discussionforum/vendor/symfony/console/Application.php(915): Illuminate\\Console\\Command->run()
#16 /opt/lampp/htdocs/discussionforum/vendor/symfony/console/Application.php(272): Symfony\\Component\\Console\\Application->doRunCommand()
#17 /opt/lampp/htdocs/discussionforum/vendor/symfony/console/Application.php(148): Symfony\\Component\\Console\\Application->doRun()
#18 /opt/lampp/htdocs/discussionforum/vendor/laravel/framework/src/Illuminate/Console/Application.php(90): Symfony\\Component\\Console\\Application->run()
#19 /opt/lampp/htdocs/discussionforum/vendor/laravel/framework/src/Illuminate/Foundation/Console/Kernel.php(133): Illuminate\\Console\\Application->run()
#20 /opt/lampp/htdocs/discussionforum/artisan(37): Illuminate\\Foundation\\Console\\Kernel->handle()
#21 {main}
"} 
